<?xml version="1.0" encoding="UTF-8"?>
<testsuite name="service.PlayCardTest" tests="3" skipped="0" failures="0" errors="0" timestamp="2025-03-01T18:07:13" hostname="Giang-Hoangs.local" time="0.004">
  <properties/>
  <testcase name="test play invalid card()" classname="service.PlayCardTest" time="0.001"/>
  <testcase name="testPlayCardNoGame()" classname="service.PlayCardTest" time="0.001"/>
  <testcase name="test play valid card()" classname="service.PlayCardTest" time="0.001"/>
  <system-out><![CDATA[]]></system-out>
  <system-err><![CDATA[]]></system-err>
</testsuite>
