<?xml version="1.0" encoding="UTF-8"?>
<testsuite name="service.SwitchPlayerTest" tests="2" skipped="0" failures="0" errors="0" timestamp="2025-03-01T18:07:13" hostname="Giang-Hoangs.local" time="0.002">
  <properties/>
  <testcase name="test ChangeToNextPlayer()" classname="service.SwitchPlayerTest" time="0.0"/>
  <testcase name="ChangeToNextPlayer without game()" classname="service.SwitchPlayerTest" time="0.002"/>
  <system-out><![CDATA[]]></system-out>
  <system-err><![CDATA[]]></system-err>
</testsuite>
