<?xml version="1.0" encoding="UTF-8"?>
<testsuite name="service.RootServiceTest" tests="2" skipped="0" failures="0" errors="0" timestamp="2025-03-01T18:07:13" hostname="Giang-Hoangs.local" time="0.002">
  <properties/>
  <testcase name="testAddRefreshable()" classname="service.RootServiceTest" time="0.001"/>
  <testcase name="testAddMultipleRefreshables()" classname="service.RootServiceTest" time="0.001"/>
  <system-out><![CDATA[]]></system-out>
  <system-err><![CDATA[]]></system-err>
</testsuite>
