<?xml version="1.0" encoding="UTF-8"?>
<testsuite name="service.ShowWinnerTest" tests="4" skipped="0" failures="0" errors="0" timestamp="2025-03-01T18:07:13" hostname="Giang-Hoangs.local" time="0.006">
  <properties/>
  <testcase name="test show winner draw()" classname="service.ShowWinnerTest" time="0.0"/>
  <testcase name="testShowWinner()" classname="service.ShowWinnerTest" time="0.003"/>
  <testcase name="showWinnerNoGame()" classname="service.ShowWinnerTest" time="0.002"/>
  <testcase name="test show winner with pass()" classname="service.ShowWinnerTest" time="0.001"/>
  <system-out><![CDATA[]]></system-out>
  <system-err><![CDATA[]]></system-err>
</testsuite>
