<?xml version="1.0" encoding="UTF-8"?>
<testsuite name="service.StartNewGameTest" tests="2" skipped="0" failures="0" errors="0" timestamp="2025-03-01T18:07:13" hostname="Giang-Hoangs.local" time="0.139">
  <properties/>
  <testcase name="test StartNewGame()" classname="service.StartNewGameTest" time="0.136"/>
  <testcase name="testStartTurnNoGame()" classname="service.StartNewGameTest" time="0.002"/>
  <system-out><![CDATA[]]></system-out>
  <system-err><![CDATA[]]></system-err>
</testsuite>
