<?xml version="1.0" encoding="UTF-8"?>
<testsuite name="entity.PlayerTest" tests="1" skipped="0" failures="0" errors="0" timestamp="2025-03-01T18:07:13" hostname="Giang-Hoangs.local" time="0.0">
  <properties/>
  <testcase name="testPlayer()" classname="entity.PlayerTest" time="0.0"/>
  <system-out><![CDATA[]]></system-out>
  <system-err><![CDATA[]]></system-err>
</testsuite>
